2021-01-11 09:58:12,641 - AppStability.py [line:213] - ERROR: NoneType: None

2021-01-11 09:58:12,641 - AppStability.py [line:213] - ERROR: NoneType: None

2021-01-11 11:31:41,066 - editReport.py [line:187] - ERROR: 'grepCrash' object has no attribute 'reportSignal'
2021-01-11 11:31:41,066 - editReport.py [line:188] - ERROR: 发送Excel表格制作完成的信号失败
2021-01-11 11:33:12,514 - editReport.py [line:187] - ERROR: 'grepCrash' object has no attribute 'reportSignal'
2021-01-11 11:33:12,514 - editReport.py [line:188] - ERROR: 发送Excel表格制作完成的信号失败
2021-01-11 11:34:05,859 - editReport.py [line:187] - ERROR: 'grepCrash' object has no attribute 'reportSignal'
2021-01-11 11:34:05,859 - editReport.py [line:188] - ERROR: 发送Excel表格制作完成的信号失败
2021-01-11 11:34:35,615 - editReport.py [line:187] - ERROR: 'grepCrash' object has no attribute 'reportSignal'
2021-01-11 11:34:35,615 - editReport.py [line:188] - ERROR: 发送Excel表格制作完成的信号失败
2021-01-11 11:44:44,557 - editReport.py [line:187] - ERROR: 'grepCrash' object has no attribute 'reportSignal'
2021-01-11 11:44:44,557 - editReport.py [line:188] - ERROR: 发送Excel表格制作完成的信号失败
2021-01-11 11:47:19,866 - editReport.py [line:187] - ERROR: 'grepCrash' object has no attribute 'reportSignal'
2021-01-11 11:47:19,866 - editReport.py [line:188] - ERROR: 发送Excel表格制作完成的信号失败
2021-01-11 11:48:23,376 - editReport.py [line:188] - ERROR: 'grepCrash' object has no attribute 'reportSignal'
2021-01-11 11:48:23,376 - editReport.py [line:189] - ERROR: 发送Excel表格制作完成的信号失败
2021-01-11 11:48:36,384 - editReport.py [line:189] - ERROR: 'grepCrash' object has no attribute 'reportSignal'
2021-01-11 11:48:36,384 - editReport.py [line:190] - ERROR: 发送Excel表格制作完成的信号失败
2021-01-11 11:48:59,651 - editReport.py [line:189] - ERROR: 'grepCrash' object has no attribute 'reportSignal'
2021-01-11 11:48:59,651 - editReport.py [line:190] - ERROR: 发送Excel表格制作完成的信号失败
2021-01-11 11:49:58,325 - editReport.py [line:180] - ERROR: 'grepCrash' object has no attribute 'reportSignal'
2021-01-11 11:49:58,325 - editReport.py [line:181] - ERROR: 发送Excel表格制作完成的信号失败
2021-01-11 11:50:16,483 - editReport.py [line:184] - ERROR: 'grepCrash' object has no attribute 'reportSignal'
2021-01-11 11:50:16,483 - editReport.py [line:185] - ERROR: 发送Excel表格制作完成的信号失败
2021-01-11 11:51:37,710 - editReport.py [line:43] - ERROR: [Errno 2] No such file or directory: 'AAA.txt'
2021-01-11 11:51:37,711 - editReport.py [line:44] - ERROR: 读取getlines失败
2021-01-11 11:51:37,720 - editReport.py [line:184] - ERROR: 'grepCrash' object has no attribute 'reportSignal'
2021-01-11 11:51:37,720 - editReport.py [line:185] - ERROR: 发送Excel表格制作完成的信号失败
2021-01-11 11:51:51,635 - editReport.py [line:43] - ERROR: write() argument must be str, not list
2021-01-11 11:51:51,635 - editReport.py [line:44] - ERROR: 读取getlines失败
2021-01-11 11:51:51,648 - editReport.py [line:184] - ERROR: 'grepCrash' object has no attribute 'reportSignal'
2021-01-11 11:51:51,648 - editReport.py [line:185] - ERROR: 发送Excel表格制作完成的信号失败
2021-01-11 11:52:23,572 - editReport.py [line:43] - ERROR: list index out of range
2021-01-11 11:52:23,572 - editReport.py [line:44] - ERROR: 读取getlines失败
2021-01-11 11:52:23,581 - editReport.py [line:184] - ERROR: 'grepCrash' object has no attribute 'reportSignal'
2021-01-11 11:52:23,581 - editReport.py [line:185] - ERROR: 发送Excel表格制作完成的信号失败
2021-01-11 11:52:41,602 - editReport.py [line:44] - ERROR: list index out of range
2021-01-11 11:52:41,602 - editReport.py [line:45] - ERROR: 读取getlines失败
2021-01-11 11:52:41,611 - editReport.py [line:185] - ERROR: 'grepCrash' object has no attribute 'reportSignal'
2021-01-11 11:52:41,611 - editReport.py [line:186] - ERROR: 发送Excel表格制作完成的信号失败
2021-01-11 11:53:15,471 - editReport.py [line:184] - ERROR: 'grepCrash' object has no attribute 'reportSignal'
2021-01-11 11:53:15,471 - editReport.py [line:185] - ERROR: 发送Excel表格制作完成的信号失败
2021-01-11 11:53:42,429 - editReport.py [line:186] - ERROR: 'grepCrash' object has no attribute 'reportSignal'
2021-01-11 11:53:42,429 - editReport.py [line:187] - ERROR: 发送Excel表格制作完成的信号失败
2021-01-11 11:54:19,793 - editReport.py [line:186] - ERROR: 'grepCrash' object has no attribute 'reportSignal'
2021-01-11 11:54:19,793 - editReport.py [line:187] - ERROR: 发送Excel表格制作完成的信号失败
2021-01-11 11:54:50,378 - editReport.py [line:186] - ERROR: 'grepCrash' object has no attribute 'reportSignal'
2021-01-11 11:54:50,378 - editReport.py [line:187] - ERROR: 发送Excel表格制作完成的信号失败
2021-01-11 11:55:23,256 - editReport.py [line:186] - ERROR: 'grepCrash' object has no attribute 'reportSignal'
2021-01-11 11:55:23,256 - editReport.py [line:187] - ERROR: 发送Excel表格制作完成的信号失败
2021-01-11 11:55:44,634 - editReport.py [line:186] - ERROR: 'grepCrash' object has no attribute 'reportSignal'
2021-01-11 11:55:44,634 - editReport.py [line:187] - ERROR: 发送Excel表格制作完成的信号失败
2021-01-11 11:55:48,468 - editReport.py [line:185] - ERROR: 'grepCrash' object has no attribute 'reportSignal'
2021-01-11 11:55:48,468 - editReport.py [line:186] - ERROR: 发送Excel表格制作完成的信号失败
2021-01-11 11:56:03,955 - editReport.py [line:185] - ERROR: 'grepCrash' object has no attribute 'reportSignal'
2021-01-11 11:56:03,955 - editReport.py [line:186] - ERROR: 发送Excel表格制作完成的信号失败
2021-01-11 11:56:12,304 - editReport.py [line:182] - ERROR: 'grepCrash' object has no attribute 'reportSignal'
2021-01-11 11:56:12,304 - editReport.py [line:183] - ERROR: 发送Excel表格制作完成的信号失败
2021-01-11 11:56:21,911 - editReport.py [line:185] - ERROR: 'grepCrash' object has no attribute 'reportSignal'
2021-01-11 11:56:21,911 - editReport.py [line:186] - ERROR: 发送Excel表格制作完成的信号失败
2021-01-11 11:56:42,579 - editReport.py [line:184] - ERROR: 'grepCrash' object has no attribute 'reportSignal'
2021-01-11 11:56:42,579 - editReport.py [line:185] - ERROR: 发送Excel表格制作完成的信号失败
2021-01-11 11:56:51,986 - editReport.py [line:184] - ERROR: 'grepCrash' object has no attribute 'reportSignal'
2021-01-11 11:56:51,986 - editReport.py [line:185] - ERROR: 发送Excel表格制作完成的信号失败
2021-01-11 11:57:03,953 - editReport.py [line:183] - ERROR: 'grepCrash' object has no attribute 'reportSignal'
2021-01-11 11:57:03,953 - editReport.py [line:184] - ERROR: 发送Excel表格制作完成的信号失败
2021-01-11 11:57:35,518 - editReport.py [line:181] - ERROR: 'grepCrash' object has no attribute 'reportSignal'
2021-01-11 11:57:35,518 - editReport.py [line:182] - ERROR: 发送Excel表格制作完成的信号失败
2021-01-11 11:57:45,748 - editReport.py [line:177] - ERROR: 'grepCrash' object has no attribute 'reportSignal'
2021-01-11 11:57:45,748 - editReport.py [line:178] - ERROR: 发送Excel表格制作完成的信号失败
2021-01-11 12:05:53,269 - editReport.py [line:177] - ERROR: 'grepCrash' object has no attribute 'reportSignal'
2021-01-11 12:05:53,269 - editReport.py [line:178] - ERROR: 发送Excel表格制作完成的信号失败
2021-01-11 12:06:23,535 - editReport.py [line:178] - ERROR: 'grepCrash' object has no attribute 'reportSignal'
2021-01-11 12:06:23,535 - editReport.py [line:179] - ERROR: 发送Excel表格制作完成的信号失败
2021-01-11 13:29:21,955 - AppStability.py [line:226] - ERROR: 无法打开指定的文件！！！
2021-01-11 13:29:56,540 - AppStability.py [line:227] - ERROR: 无法打开指定的文件！！！
2021-01-11 13:30:26,480 - AppStability.py [line:227] - ERROR: 无法打开指定的文件！！！
2021-01-11 13:30:54,451 - AppStability.py [line:227] - ERROR: 无法打开指定的文件！！！
2021-01-11 13:31:08,628 - AppStability.py [line:227] - ERROR: 无法打开指定的文件！！！
2021-01-11 13:36:56,226 - AppStability.py [line:229] - ERROR: 无法打开指定的文件！！！
2021-01-11 13:43:38,238 - AppStability.py [line:232] - ERROR: 无法打开指定的文件！！！
2021-01-11 13:43:42,980 - AppStability.py [line:232] - ERROR: 无法打开指定的文件！！！
2021-01-11 13:44:07,853 - AppStability.py [line:233] - ERROR: 无法打开指定的文件！！！
2021-01-11 13:45:05,845 - AppStability.py [line:235] - ERROR: 无法打开指定的文件！！！
2021-01-11 13:45:09,791 - AppStability.py [line:235] - ERROR: 无法打开指定的文件！！！
2021-01-11 13:45:24,100 - AppStability.py [line:232] - ERROR: 无法打开指定的文件！！！
2021-01-11 13:46:08,278 - AppStability.py [line:232] - ERROR: 无法打开指定的文件！！！
2021-01-11 13:47:03,044 - AppStability.py [line:232] - ERROR: 无法打开指定的文件！！！
2021-01-11 13:48:27,855 - AppStability.py [line:235] - ERROR: 无法打开指定的文件！！！
2021-01-11 13:48:30,724 - AppStability.py [line:235] - ERROR: 无法打开指定的文件！！！
2021-01-11 13:48:34,610 - AppStability.py [line:235] - ERROR: 无法打开指定的文件！！！
2021-01-11 13:48:40,999 - AppStability.py [line:235] - ERROR: 无法打开指定的文件！！！
2021-01-11 13:49:32,176 - AppStability.py [line:237] - ERROR: 无法打开指定的文件！！！
2021-01-11 13:50:01,022 - AppStability.py [line:237] - ERROR: 无法打开指定的文件！！！
2021-01-11 13:50:05,437 - AppStability.py [line:237] - ERROR: 无法打开指定的文件！！！
2021-01-11 13:50:08,991 - AppStability.py [line:237] - ERROR: 无法打开指定的文件！！！
2021-01-11 13:50:12,487 - AppStability.py [line:237] - ERROR: 无法打开指定的文件！！！
2021-01-11 13:50:45,746 - AppStability.py [line:233] - ERROR: 无法打开指定的文件！！！
2021-01-11 13:54:07,969 - AppStability.py [line:234] - ERROR: 无法打开指定的文件！！！
2021-01-11 13:54:11,332 - AppStability.py [line:234] - ERROR: 无法打开指定的文件！！！
2021-01-11 14:14:39,323 - AppStability.py [line:234] - ERROR: 无法打开指定的文件！！！
2021-01-11 14:14:42,033 - AppStability.py [line:234] - ERROR: 无法打开指定的文件！！！
2021-01-11 14:28:00,864 - AppStability.py [line:228] - ERROR: 无法打开指定的文件！！！
2021-01-11 14:28:33,363 - AppStability.py [line:229] - ERROR: 无法打开指定的文件！！！
2021-01-11 16:13:06,240 - AppStability.py [line:86] - ERROR: 设备：538640ed 卸载失败，错误信息：
Exception occurred while executing:
java.lang.IllegalArgumentException: Unknown package: D:\Work_Spaces\PyCharm_Project\AutoFramework\ApkPath\app-release.apk
	at com.android.server.pm.Settings.isOrphaned(Settings.java:4554)
	at com.android.server.pm.PackageManagerService.isOrphaned(PackageManagerService.java:25354)
	at com.android.server.pm.PackageManagerService.deletePackageVersioned(PackageManagerService.java:21808)
	at com.android.server.pm.PackageInstallerService.uninstall(PackageInstallerService.java:816)
	at com.android.server.pm.PackageManagerShellCommand.runUninstall(PackageManagerShellCommand.java:931)
	at com.android.server.pm.PackageManagerShellCommand.onCommand(PackageManagerShellCommand.java:134)
	at android.os.ShellCommand.exec(ShellCommand.java:96)
	at com.android.server.pm.PackageManagerService.onShellCommand(PackageManagerService.java:25682)
	at android.os.Binder.shellCommand(Binder.java:595)
	at android.os.Binder.onTransact(Binder.java:493)
	at android.content.pm.IPackageManager$Stub.onTransact(IPackageManager.java:2761)
	at com.android.server.pm.PackageManagerService.onTransact(PackageManagerService.java:4455)
	at android.os.Binder.execTransact(Binder.java:708)
2021-01-11 16:13:43,327 - AppStability.py [line:98] - ERROR: 设备：538640ed 安装失败，错误信息：adb: failed to install D:\Work_Spaces\PyCharm_Project\AutoFramework\ApkPath\app-release.apk: Failure [INSTALL_FAILED_VERSION_DOWNGRADE]
Performing Streamed Install
2021-01-11 16:14:46,636 - AppStability.py [line:86] - ERROR: 设备：538640ed 卸载失败，错误信息：
Exception occurred while executing:
java.lang.IllegalArgumentException: Unknown package: D:\Work_Spaces\PyCharm_Project\AutoFramework\ApkPath\app-release.apk
	at com.android.server.pm.Settings.isOrphaned(Settings.java:4554)
	at com.android.server.pm.PackageManagerService.isOrphaned(PackageManagerService.java:25354)
	at com.android.server.pm.PackageManagerService.deletePackageVersioned(PackageManagerService.java:21808)
	at com.android.server.pm.PackageInstallerService.uninstall(PackageInstallerService.java:816)
	at com.android.server.pm.PackageManagerShellCommand.runUninstall(PackageManagerShellCommand.java:931)
	at com.android.server.pm.PackageManagerShellCommand.onCommand(PackageManagerShellCommand.java:134)
	at android.os.ShellCommand.exec(ShellCommand.java:96)
	at com.android.server.pm.PackageManagerService.onShellCommand(PackageManagerService.java:25682)
	at android.os.Binder.shellCommand(Binder.java:595)
	at android.os.Binder.onTransact(Binder.java:493)
	at android.content.pm.IPackageManager$Stub.onTransact(IPackageManager.java:2761)
	at com.android.server.pm.PackageManagerService.onTransact(PackageManagerService.java:4455)
	at android.os.Binder.execTransact(Binder.java:708)
2021-01-11 16:18:32,931 - AppStability.py [line:87] - ERROR: 设备：538640ed 卸载失败，错误信息：
Exception occurred while executing:
java.lang.IllegalArgumentException: Unknown package: D:\Work_Spaces\PyCharm_Project\AutoFramework\ApkPath\app-release.apk
	at com.android.server.pm.Settings.isOrphaned(Settings.java:4554)
	at com.android.server.pm.PackageManagerService.isOrphaned(PackageManagerService.java:25354)
	at com.android.server.pm.PackageManagerService.deletePackageVersioned(PackageManagerService.java:21808)
	at com.android.server.pm.PackageInstallerService.uninstall(PackageInstallerService.java:816)
	at com.android.server.pm.PackageManagerShellCommand.runUninstall(PackageManagerShellCommand.java:931)
	at com.android.server.pm.PackageManagerShellCommand.onCommand(PackageManagerShellCommand.java:134)
	at android.os.ShellCommand.exec(ShellCommand.java:96)
	at com.android.server.pm.PackageManagerService.onShellCommand(PackageManagerService.java:25682)
	at android.os.Binder.shellCommand(Binder.java:595)
	at android.os.Binder.onTransact(Binder.java:493)
	at android.content.pm.IPackageManager$Stub.onTransact(IPackageManager.java:2761)
	at com.android.server.pm.PackageManagerService.onTransact(PackageManagerService.java:4455)
	at android.os.Binder.execTransact(Binder.java:708)
2021-01-11 16:20:09,928 - AppStability.py [line:87] - ERROR: 设备：538640ed 本地未安装
Exception occurred while executing:
java.lang.IllegalArgumentException: Unknown package: D:\Work_Spaces\PyCharm_Project\AutoFramework\ApkPath\app-release.apk
	at com.android.server.pm.Settings.isOrphaned(Settings.java:4554)
	at com.android.server.pm.PackageManagerService.isOrphaned(PackageManagerService.java:25354)
	at com.android.server.pm.PackageManagerService.deletePackageVersioned(PackageManagerService.java:21808)
	at com.android.server.pm.PackageInstallerService.uninstall(PackageInstallerService.java:816)
	at com.android.server.pm.PackageManagerShellCommand.runUninstall(PackageManagerShellCommand.java:931)
	at com.android.server.pm.PackageManagerShellCommand.onCommand(PackageManagerShellCommand.java:134)
	at android.os.ShellCommand.exec(ShellCommand.java:96)
	at com.android.server.pm.PackageManagerService.onShellCommand(PackageManagerService.java:25682)
	at android.os.Binder.shellCommand(Binder.java:595)
	at android.os.Binder.onTransact(Binder.java:493)
	at android.content.pm.IPackageManager$Stub.onTransact(IPackageManager.java:2761)
	at com.android.server.pm.PackageManagerService.onTransact(PackageManagerService.java:4455)
	at android.os.Binder.execTransact(Binder.java:708)
2021-01-11 16:20:18,339 - AppStability.py [line:99] - ERROR: 设备：538640ed 安装失败，错误信息：adb: failed to install D:\Work_Spaces\PyCharm_Project\AutoFramework\ApkPath\app-release.apk: Failure [-200]
Performing Streamed Install
2021-01-11 16:20:31,771 - AppStability.py [line:86] - ERROR: 设备：538640ed 卸载失败，错误信息：
Exception occurred while executing:
java.lang.IllegalArgumentException: Unknown package: D:\Work_Spaces\PyCharm_Project\AutoFramework\ApkPath\app-release.apk
	at com.android.server.pm.Settings.isOrphaned(Settings.java:4554)
	at com.android.server.pm.PackageManagerService.isOrphaned(PackageManagerService.java:25354)
	at com.android.server.pm.PackageManagerService.deletePackageVersioned(PackageManagerService.java:21808)
	at com.android.server.pm.PackageInstallerService.uninstall(PackageInstallerService.java:816)
	at com.android.server.pm.PackageManagerShellCommand.runUninstall(PackageManagerShellCommand.java:931)
	at com.android.server.pm.PackageManagerShellCommand.onCommand(PackageManagerShellCommand.java:134)
	at android.os.ShellCommand.exec(ShellCommand.java:96)
	at com.android.server.pm.PackageManagerService.onShellCommand(PackageManagerService.java:25682)
	at android.os.Binder.shellCommand(Binder.java:595)
	at android.os.Binder.onTransact(Binder.java:493)
	at android.content.pm.IPackageManager$Stub.onTransact(IPackageManager.java:2761)
	at com.android.server.pm.PackageManagerService.onTransact(PackageManagerService.java:4455)
	at android.os.Binder.execTransact(Binder.java:708)
2021-01-11 16:20:52,190 - AppStability.py [line:98] - ERROR: 设备：538640ed 安装失败，错误信息：adb: failed to install D:\Work_Spaces\PyCharm_Project\AutoFramework\ApkPath\app-release.apk: Failure [-200]
Performing Streamed Install
