{
  "uid" : "2ac6f4daf8bbdd4a",
  "name" : "test_failure",
  "fullName" : "TestCase.test_case1.TestCase1#test_failure",
  "historyId" : "117e57609a21946202b0b99674d2f2c9",
  "time" : {
    "start" : 1601554607840,
    "stop" : 1601554607840,
    "duration" : 0
  },
  "description" : "this test fails",
  "descriptionHtml" : "<p>this test fails</p>\n",
  "status" : "failed",
  "statusMessage" : "AssertionError: assert False",
  "statusTrace" : "self = <test_case1.TestCase1 object at 0x0000027E9137CF98>\n\n    def test_failure(self):\n        \"\"\"this test fails\"\"\"\n>       assert False\nE       assert False\n\nTestCase\\test_case1.py:21: AssertionError",
  "flaky" : false,
  "newFailed" : false,
  "beforeStages" : [ ],
  "afterStages" : [ ],
  "labels" : [ {
    "name" : "parentSuite",
    "value" : "TestCase"
  }, {
    "name" : "suite",
    "value" : "test_case1"
  }, {
    "name" : "subSuite",
    "value" : "TestCase1"
  }, {
    "name" : "host",
    "value" : "LAPTOP-DGT7652I"
  }, {
    "name" : "thread",
    "value" : "3636-MainThread"
  }, {
    "name" : "framework",
    "value" : "pytest"
  }, {
    "name" : "language",
    "value" : "cpython3"
  }, {
    "name" : "package",
    "value" : "TestCase.test_case1"
  }, {
    "name" : "resultFormat",
    "value" : "allure2"
  } ],
  "parameters" : [ ],
  "links" : [ ],
  "hidden" : true,
  "retry" : true,
  "extra" : {
    "categories" : [ ],
    "tags" : [ ]
  },
  "source" : "2ac6f4daf8bbdd4a.json",
  "parameterValues" : [ ]
}